<?xml version="1.0" encoding="UTF-8"?>
<testsuite xmlns:xsi="http://www.w3.org/2001/XMLSchema-instance" xsi:noNamespaceSchemaLocation="https://maven.apache.org/surefire/maven-surefire-plugin/xsd/surefire-test-report-3.0.xsd" version="3.0" name="Client.UserInfoHandlerTest" time="0.044" tests="4" errors="0" skipped="0" failures="0">
  <properties>
[...]
</properties>
  <testcase name="whenFileMissing_thenReturnsNotFound" classname="Client.UserInfoHandlerTest" time="0.005"/>
  <testcase name="whenUserExists_thenReturnsInfoResponse" classname="Client.UserInfoHandlerTest" time="0.02"/>
  <testcase name="whenUserNotFound_thenReturnsNotFound" classname="Client.UserInfoHandlerTest" time="0.008"/>
  <testcase name="whenBadMessage_thenNothingSent" classname="Client.UserInfoHandlerTest" time="0.003"/>
</testsuite>